<?xml version="1.0" encoding="UTF-8"?>
<!-- Generated by org.testng.reporters.JUnitReportReporter -->
<testsuite hostname="LAPTOP-VK4BHDDO" failures="0" tests="2" name="teladoc_challenge.AddNewUser" time="7.705" errors="0" timestamp="2021-11-08T09:39:14 CST" skipped="0">
  <testcase classname="teladoc_challenge.AddNewUser" name="addNewUser" time="5.096"/>
  <system-out/>
  <testcase classname="teladoc_challenge.AddNewUser" name="addNewUser" time="2.609"/>
  <system-out/>
</testsuite> <!-- teladoc_challenge.AddNewUser -->
