<?xml version="1.0" encoding="UTF-8"?>
<!-- Generated by org.testng.reporters.JUnitReportReporter -->
<testsuite hostname="LAPTOP-VK4BHDDO" failures="0" tests="1" name="teladoc_challenge.DeleteRecord" time="12.740" errors="0" timestamp="2021-11-10T17:30:32 CST" skipped="0">
  <testcase classname="teladoc_challenge.DeleteRecord" name="DeleteUser" time="12.740"/>
  <system-out/>
</testsuite> <!-- teladoc_challenge.DeleteRecord -->
