<?xml version="1.0" encoding="UTF-8"?>
<!-- Generated by org.testng.reporters.JUnitReportReporter -->
<testsuite hostname="LAPTOP-VK4BHDDO" failures="0" tests="1" name="teladoc_challenge.AddNewUser" time="5.123" errors="0" timestamp="2021-11-10T16:12:48 CST" skipped="0">
  <testcase classname="teladoc_challenge.AddNewUser" name="addNewUser" time="5.123"/>
  <system-out/>
</testsuite> <!-- teladoc_challenge.AddNewUser -->
