<?xml version="1.0" encoding="UTF-8"?>
<!-- Generated by org.testng.reporters.JUnitReportReporter -->
<testsuite hostname="LAPTOP-VK4BHDDO" failures="0" tests="1" name="teladoc_challenge.AppTest" time="0.006" errors="0" timestamp="2021-11-06T00:04:23 CDT" skipped="0">
  <testcase classname="teladoc_challenge.AppTest" name="shouldAnswerWithTrue" time="0.006"/>
  <system-out/>
</testsuite> <!-- teladoc_challenge.AppTest -->
