<?xml version="1.0" encoding="UTF-8"?>
<!-- Generated by org.testng.reporters.JUnitReportReporter -->
<testsuite hostname="LAPTOP-VK4BHDDO" failures="0" tests="2" name="teladoc_challenge.AddNewUser" time="6.679" errors="0" timestamp="2021-11-08T09:40:53 CST" skipped="0">
  <testcase classname="teladoc_challenge.AddNewUser" name="addNewUser" time="4.187"/>
  <system-out/>
  <testcase classname="teladoc_challenge.AddNewUser" name="addNewUser" time="2.492"/>
  <system-out/>
</testsuite> <!-- teladoc_challenge.AddNewUser -->
