<?xml version="1.0" encoding="UTF-8"?>
<!-- Generated by org.testng.reporters.JUnitReportReporter -->
<testsuite hostname="LAPTOP-VK4BHDDO" failures="0" tests="1" name="teladoc_challenge.AddNewUser" time="7.147" errors="0" timestamp="2021-11-08T21:32:56 CST" skipped="0">
  <testcase classname="teladoc_challenge.AddNewUser" name="addNewUser" time="7.147"/>
  <system-out/>
</testsuite> <!-- teladoc_challenge.AddNewUser -->
