<?xml version="1.0" encoding="UTF-8"?>
<!-- Generated by org.testng.reporters.JUnitReportReporter -->
<testsuite hostname="LAPTOP-VK4BHDDO" failures="0" tests="1" name="teladoc_challenge.DeleteRecord" time="13.049" errors="0" timestamp="2021-11-10T17:33:39 CST" skipped="0">
  <testcase classname="teladoc_challenge.DeleteRecord" name="DeleteUser" time="13.049"/>
  <system-out/>
</testsuite> <!-- teladoc_challenge.DeleteRecord -->
