<?xml version="1.0" encoding="UTF-8"?>
<!-- Generated by org.testng.reporters.JUnitReportReporter -->
<testsuite hostname="LAPTOP-VK4BHDDO" failures="0" tests="2" name="teladoc_challenge.AddNewUser" time="6.415" errors="0" timestamp="2021-11-07T20:14:37 CST" skipped="0">
  <testcase classname="teladoc_challenge.AddNewUser" name="addNewUser" time="4.601"/>
  <system-out/>
  <testcase classname="teladoc_challenge.AddNewUser" name="addNewUser" time="1.814"/>
  <system-out/>
</testsuite> <!-- teladoc_challenge.AddNewUser -->
